Active-HDL 9.2.2499.sp1.36.4586  2020-12-15 00:29:02

Elaboration top modules:
Architecture                  TB_ARCHITECTURE(alu_tb)


----------------------------------------------------------------------------------------------------
Entity   | Architecture    | Library | Info | Compiler Version                | Compilation Options
----------------------------------------------------------------------------------------------------
alu_tb   | TB_ARCHITECTURE | alu     |      | 9.2.2499.sp1.36.4586  (Windows) | -O3
ALU      | behavioral      | alu     |      | 9.2.2499.sp1.36.4586  (Windows) | -O3
----------------------------------------------------------------------------------------------------

----------------------------------------------------------------------------------------------------
VHDL Package               | Library | Info | Compiler Version                | Compilation Options
----------------------------------------------------------------------------------------------------
standard                   | std     |      |                                 | <unavailable>
TEXTIO                     | std     |      | 9.2.2499.sp1.36.4586  (Windows) |  -2008
std_logic_1164             | ieee    |      | 9.2.2499.sp1.36.4586  (Windows) |  -2008
NUMERIC_STD                | ieee    |      | 9.2.2499.sp1.36.4586  (Windows) |  -2008
std_logic_arith            | ieee    |      | 9.2.2499.sp1.36.4586  (Windows) | 
STD_LOGIC_UNSIGNED         | ieee    |      | 9.2.2499.sp1.36.4586  (Windows) | 
----------------------------------------------------------------------------------------------------

----------------------------------------------------------------------------------------------------
Library                    | Comment
----------------------------------------------------------------------------------------------------
alu                        | None
ieee                       | Standard IEEE packages library
std                        | Standard VHDL library
----------------------------------------------------------------------------------------------------


Simulation Options: asim -O5 +access +r +m+alu_tb alu_tb TB_ARCHITECTURE

