# ELBREAD: Elaboration process.
# ELBREAD: Elaboration time 0.0 [s].
acom -O3 -work ALU -2002  $dsn/src/alu.vhd $dsn/src/TestBench/alu_TB.vhd
# Compile...
# Warning: DAGGEN_0523: The source is compiled without the -dbg switch. Line breakpoints, code coverage, and assertion debug will not be available.
# File: c:\My_Designs\ALU\ALU\src\alu.vhd
# Compile Entity "ALU"
# Compile Architecture "Behavioral" of Entity "ALU"
# File: c:\My_Designs\ALU\ALU\src\TestBench\alu_TB.vhd
# Compile Entity "alu_tb"
# Compile Architecture "TB_ARCHITECTURE" of Entity "alu_tb"
# Compile Configuration "TESTBENCH_FOR_alu"
# Compile success 0 Errors 0 Warnings  Analysis time :  0.1 [s]
asim -O5 +access +r +m+alu_tb alu_tb TB_ARCHITECTURE
# ELBREAD: Elaboration process.
# ELBREAD: Elaboration time 0.0 [s].
# asim: Stack memory: 32MB
# asim: Retval memory: 32MB
# KERNEL: Main thread initiated.
# KERNEL: Kernel process initialization phase.
# KERNEL: Time resolution set to 1ps.
# ELAB2: Elaboration final pass...
# ELAB2: Create instances ...
# ELAB2: Create instances complete.
# SLP: Started
# SLP: Elaboration phase ...
# SLP: Elaboration phase ... skipped, nothing to simulate in SLP mode : 0.0 [s]
# SLP: Finished : 0.0 [s]
# ELAB2: Elaboration final pass complete - time: 0.0 [s].
# KERNEL: Kernel process initialization done.
# Allocation: Simulator allocated 6181 kB (elbread=1023 elab2=5064 kernel=92 sdf=0)
# KERNEL: ASDB file was created in location c:\My_Designs\ALU\ALU\src\wave.asdb
#  12:28 AM, Tuesday, December 15, 2020
#  Simulation has been initialized
#  Selected Top-Level: alu_tb (TB_ARCHITECTURE)
endsim
#  Simulation has been stopped
asim -O5 +access +r +m+alu_tb alu_tb TB_ARCHITECTURE
# ELBREAD: Elaboration process.
# ELBREAD: Elaboration time 0.0 [s].
# asim: Stack memory: 32MB
# asim: Retval memory: 32MB
# KERNEL: Main thread initiated.
# KERNEL: Kernel process initialization phase.
# KERNEL: Time resolution set to 1ps.
# ELAB2: Elaboration final pass...
# ELAB2: Create instances ...
# ELAB2: Create instances complete.
# SLP: Started
# SLP: Elaboration phase ...
# SLP: Elaboration phase ... skipped, nothing to simulate in SLP mode : 0.0 [s]
# SLP: Finished : 0.0 [s]
# ELAB2: Elaboration final pass complete - time: 0.0 [s].
# KERNEL: Kernel process initialization done.
# Allocation: Simulator allocated 6181 kB (elbread=1023 elab2=5064 kernel=92 sdf=0)
# KERNEL: ASDB file was created in location c:\My_Designs\ALU\ALU\src\wave.asdb
#  12:29 AM, Tuesday, December 15, 2020
#  Simulation has been initialized
#  Selected Top-Level: alu_tb (TB_ARCHITECTURE)
run 10 ns
# KERNEL: WARNING: There is an 'U'|'X'|'W'|'Z'|'-' in an arithmetic operand, the result will be 'X'(es).
# KERNEL: Time: 0 ps,  Iteration: 0,  Instance: /alu_tb/UUT,  Process: line__27.
# KERNEL: WARNING: There is an 'U'|'X'|'W'|'Z'|'-' in an arithmetic operand, the result will be 'X'(es).
# KERNEL: Time: 0 ps,  Iteration: 0,  Instance: /alu_tb/UUT,  Process: line__71.
# KERNEL: stopped at time: 10 ns
# Waveform file 'untitled.awc' connected to 'c:/My_Designs/ALU/ALU/src/wave.asdb'.
# add wave -noreg {/alu_tb/IN1}
# add wave -noreg {/alu_tb/IN2}
# add wave -noreg {/alu_tb/ALU_SELECT}
# add wave -noreg {/alu_tb/ALU_OUTPUT}
# add wave -noreg {/alu_tb/CARRY_OUT}
# 5 signal(s) traced.
run 2400 ns
# KERNEL: stopped at time: 2410 ns
# KERNEL: Simulation has finished. There are no more test vectors to simulate.
# Adding file c:\My_Designs\ALU\ALU\src\wave1.asdb ... Done
# Adding file c:\My_Designs\ALU\ALU\src\wave1.awc ... Done
# Adding file c:\My_Designs\ALU\ALU\src\wave1.awc ... Done
#  Simulation has been stopped
# Adding file c:\My_Designs\ALU\ALU\src\wave1.awc ... Done
